0 info it worked if it ends with ok
1 verbose cli [ '/usr/local/bin/node', '/usr/local/bin/npm', 'run', 'test' ]
2 info using npm@3.9.0
3 info using node@v4.4.4
4 verbose run-script [ 'pretest', 'test', 'posttest' ]
5 info lifecycle local-t2-app-redux@0.0.5~pretest: local-t2-app-redux@0.0.5
6 silly lifecycle local-t2-app-redux@0.0.5~pretest: no script for pretest, continuing
7 info lifecycle local-t2-app-redux@0.0.5~test: local-t2-app-redux@0.0.5
8 verbose lifecycle local-t2-app-redux@0.0.5~test: unsafe-perm in lifecycle true
9 verbose lifecycle local-t2-app-redux@0.0.5~test: PATH: /usr/local/lib/node_modules/npm/bin/node-gyp-bin:/Users/jack.lightfoot/Documents/projects/innovations/progressivewebapps/local-t2-app-redux/node_modules/.bin:/usr/local/bin:/usr/local/sbin::/Users/jack.lightfoot/selenium-drivers:~/.composer/vendor/bin/:/usr/local/bin:/Users/jack.lightfoot/adtbundle/sdk/tools:/Users/jack.lightfoot/adtbundle/sdk/platform-tools:/usr/local/bin:/usr/bin:/bin:/usr/sbin:/sbin:/opt/X11/bin:/Users/jack.lightfoot/bin
10 verbose lifecycle local-t2-app-redux@0.0.5~test: CWD: /Users/jack.lightfoot/Documents/projects/innovations/progressivewebapps/local-t2-app-redux
11 silly lifecycle local-t2-app-redux@0.0.5~test: Args: [ '-c',
11 silly lifecycle   'mocha --compilers js:babel-register --require babel-polyfill --recursive' ]
12 silly lifecycle local-t2-app-redux@0.0.5~test: Returned: code: 1  signal: null
13 info lifecycle local-t2-app-redux@0.0.5~test: Failed to exec test script
14 verbose stack Error: local-t2-app-redux@0.0.5 test: `mocha --compilers js:babel-register --require babel-polyfill --recursive`
14 verbose stack Exit status 1
14 verbose stack     at EventEmitter.<anonymous> (/usr/local/lib/node_modules/npm/lib/utils/lifecycle.js:245:16)
14 verbose stack     at emitTwo (events.js:87:13)
14 verbose stack     at EventEmitter.emit (events.js:172:7)
14 verbose stack     at ChildProcess.<anonymous> (/usr/local/lib/node_modules/npm/lib/utils/spawn.js:24:14)
14 verbose stack     at emitTwo (events.js:87:13)
14 verbose stack     at ChildProcess.emit (events.js:172:7)
14 verbose stack     at maybeClose (internal/child_process.js:827:16)
14 verbose stack     at Process.ChildProcess._handle.onexit (internal/child_process.js:211:5)
15 verbose pkgid local-t2-app-redux@0.0.5
16 verbose cwd /Users/jack.lightfoot/Documents/projects/innovations/progressivewebapps/local-t2-app-redux
17 error Darwin 15.6.0
18 error argv "/usr/local/bin/node" "/usr/local/bin/npm" "run" "test"
19 error node v4.4.4
20 error npm  v3.9.0
21 error code ELIFECYCLE
22 error local-t2-app-redux@0.0.5 test: `mocha --compilers js:babel-register --require babel-polyfill --recursive`
22 error Exit status 1
23 error Failed at the local-t2-app-redux@0.0.5 test script 'mocha --compilers js:babel-register --require babel-polyfill --recursive'.
23 error Make sure you have the latest version of node.js and npm installed.
23 error If you do, this is most likely a problem with the local-t2-app-redux package,
23 error not with npm itself.
23 error Tell the author that this fails on your system:
23 error     mocha --compilers js:babel-register --require babel-polyfill --recursive
23 error You can get information on how to open an issue for this project with:
23 error     npm bugs local-t2-app-redux
23 error Or if that isn't available, you can get their info via:
23 error     npm owner ls local-t2-app-redux
23 error There is likely additional logging output above.
24 verbose exit [ 1, true ]
